Performing C SOURCE FILE Test CHECK_CPU_ARCHITECTURE_X86 failed with the following output:
Change Dir: /home/dmlasko/_cursus/cub3d/lib/SDL2/build-cmake/CMakeFiles/CMakeTmp

Run Build Command(s):/usr/bin/gmake -f Makefile cmTC_a4c19/fast && /usr/bin/gmake  -f CMakeFiles/cmTC_a4c19.dir/build.make CMakeFiles/cmTC_a4c19.dir/build
gmake[1]: Entering directory '/home/dmlasko/_cursus/cub3d/lib/SDL2/build-cmake/CMakeFiles/CMakeTmp'
Building C object CMakeFiles/cmTC_a4c19.dir/src.c.o
/usr/bin/cc -DCHECK_CPU_ARCHITECTURE_X86   -MD -MT CMakeFiles/cmTC_a4c19.dir/src.c.o -MF CMakeFiles/cmTC_a4c19.dir/src.c.o.d -o CMakeFiles/cmTC_a4c19.dir/src.c.o -c /home/dmlasko/_cursus/cub3d/lib/SDL2/build-cmake/CMakeFiles/CMakeTmp/src.c
/home/dmlasko/_cursus/cub3d/lib/SDL2/build-cmake/CMakeFiles/CMakeTmp/src.c:6:3: error: use of undeclared identifier 'choke'
  choke
  ^
1 error generated.
gmake[1]: *** [CMakeFiles/cmTC_a4c19.dir/build.make:79: CMakeFiles/cmTC_a4c19.dir/src.c.o] Error 1
gmake[1]: Leaving directory '/home/dmlasko/_cursus/cub3d/lib/SDL2/build-cmake/CMakeFiles/CMakeTmp'
gmake: *** [Makefile:127: cmTC_a4c19/fast] Error 2


Source file was:

int main(int argc, char *argv[]) {
#if defined(__i386__) || defined(__i486__) || defined(__i586__) || defined(__i686__) ||defined( __i386) || defined(_M_IX86)
  return 0;
#else
  choke
#endif
}

Performing C SOURCE FILE Test CHECK_CPU_ARCHITECTURE_ARM32 failed with the following output:
Change Dir: /home/dmlasko/_cursus/cub3d/lib/SDL2/build-cmake/CMakeFiles/CMakeTmp

Run Build Command(s):/usr/bin/gmake -f Makefile cmTC_854bd/fast && /usr/bin/gmake  -f CMakeFiles/cmTC_854bd.dir/build.make CMakeFiles/cmTC_854bd.dir/build
gmake[1]: Entering directory '/home/dmlasko/_cursus/cub3d/lib/SDL2/build-cmake/CMakeFiles/CMakeTmp'
Building C object CMakeFiles/cmTC_854bd.dir/src.c.o
/usr/bin/cc -DCHECK_CPU_ARCHITECTURE_ARM32   -MD -MT CMakeFiles/cmTC_854bd.dir/src.c.o -MF CMakeFiles/cmTC_854bd.dir/src.c.o.d -o CMakeFiles/cmTC_854bd.dir/src.c.o -c /home/dmlasko/_cursus/cub3d/lib/SDL2/build-cmake/CMakeFiles/CMakeTmp/src.c
/home/dmlasko/_cursus/cub3d/lib/SDL2/build-cmake/CMakeFiles/CMakeTmp/src.c:6:3: error: use of undeclared identifier 'choke'
  choke
  ^
1 error generated.
gmake[1]: *** [CMakeFiles/cmTC_854bd.dir/build.make:79: CMakeFiles/cmTC_854bd.dir/src.c.o] Error 1
gmake[1]: Leaving directory '/home/dmlasko/_cursus/cub3d/lib/SDL2/build-cmake/CMakeFiles/CMakeTmp'
gmake: *** [Makefile:127: cmTC_854bd/fast] Error 2


Source file was:

int main(int argc, char *argv[]) {
#if defined(__arm__) || defined(_M_ARM)
  return 0;
#else
  choke
#endif
}

Performing C SOURCE FILE Test CHECK_CPU_ARCHITECTURE_ARM64 failed with the following output:
Change Dir: /home/dmlasko/_cursus/cub3d/lib/SDL2/build-cmake/CMakeFiles/CMakeTmp

Run Build Command(s):/usr/bin/gmake -f Makefile cmTC_2bf09/fast && /usr/bin/gmake  -f CMakeFiles/cmTC_2bf09.dir/build.make CMakeFiles/cmTC_2bf09.dir/build
gmake[1]: Entering directory '/home/dmlasko/_cursus/cub3d/lib/SDL2/build-cmake/CMakeFiles/CMakeTmp'
Building C object CMakeFiles/cmTC_2bf09.dir/src.c.o
/usr/bin/cc -DCHECK_CPU_ARCHITECTURE_ARM64   -MD -MT CMakeFiles/cmTC_2bf09.dir/src.c.o -MF CMakeFiles/cmTC_2bf09.dir/src.c.o.d -o CMakeFiles/cmTC_2bf09.dir/src.c.o -c /home/dmlasko/_cursus/cub3d/lib/SDL2/build-cmake/CMakeFiles/CMakeTmp/src.c
/home/dmlasko/_cursus/cub3d/lib/SDL2/build-cmake/CMakeFiles/CMakeTmp/src.c:6:3: error: use of undeclared identifier 'choke'
  choke
  ^
1 error generated.
gmake[1]: *** [CMakeFiles/cmTC_2bf09.dir/build.make:79: CMakeFiles/cmTC_2bf09.dir/src.c.o] Error 1
gmake[1]: Leaving directory '/home/dmlasko/_cursus/cub3d/lib/SDL2/build-cmake/CMakeFiles/CMakeTmp'
gmake: *** [Makefile:127: cmTC_2bf09/fast] Error 2


Source file was:

int main(int argc, char *argv[]) {
#if defined(__aarch64__) || defined(_M_ARM64)
  return 0;
#else
  choke
#endif
}

Performing C SOURCE FILE Test CHECK_CPU_ARCHITECTURE_LOONGARCH64 failed with the following output:
Change Dir: /home/dmlasko/_cursus/cub3d/lib/SDL2/build-cmake/CMakeFiles/CMakeTmp

Run Build Command(s):/usr/bin/gmake -f Makefile cmTC_3bfd6/fast && /usr/bin/gmake  -f CMakeFiles/cmTC_3bfd6.dir/build.make CMakeFiles/cmTC_3bfd6.dir/build
gmake[1]: Entering directory '/home/dmlasko/_cursus/cub3d/lib/SDL2/build-cmake/CMakeFiles/CMakeTmp'
Building C object CMakeFiles/cmTC_3bfd6.dir/src.c.o
/usr/bin/cc -DCHECK_CPU_ARCHITECTURE_LOONGARCH64   -MD -MT CMakeFiles/cmTC_3bfd6.dir/src.c.o -MF CMakeFiles/cmTC_3bfd6.dir/src.c.o.d -o CMakeFiles/cmTC_3bfd6.dir/src.c.o -c /home/dmlasko/_cursus/cub3d/lib/SDL2/build-cmake/CMakeFiles/CMakeTmp/src.c
/home/dmlasko/_cursus/cub3d/lib/SDL2/build-cmake/CMakeFiles/CMakeTmp/src.c:6:3: error: use of undeclared identifier 'choke'
  choke
  ^
1 error generated.
gmake[1]: *** [CMakeFiles/cmTC_3bfd6.dir/build.make:79: CMakeFiles/cmTC_3bfd6.dir/src.c.o] Error 1
gmake[1]: Leaving directory '/home/dmlasko/_cursus/cub3d/lib/SDL2/build-cmake/CMakeFiles/CMakeTmp'
gmake: *** [Makefile:127: cmTC_3bfd6/fast] Error 2


Source file was:

int main(int argc, char *argv[]) {
#if defined(__loongarch64)
  return 0;
#else
  choke
#endif
}

Performing C SOURCE FILE Test HAVE_ALTIVEC_H_HDR failed with the following output:
Change Dir: /home/dmlasko/_cursus/cub3d/lib/SDL2/build-cmake/CMakeFiles/CMakeTmp

Run Build Command(s):/usr/bin/gmake -f Makefile cmTC_74872/fast && /usr/bin/gmake  -f CMakeFiles/cmTC_74872.dir/build.make CMakeFiles/cmTC_74872.dir/build
gmake[1]: Entering directory '/home/dmlasko/_cursus/cub3d/lib/SDL2/build-cmake/CMakeFiles/CMakeTmp'
Building C object CMakeFiles/cmTC_74872.dir/src.c.o
/usr/bin/cc -DHAVE_ALTIVEC_H_HDR  -idirafter "/home/dmlasko/_cursus/cub3d/lib/SDL2/src/video/khronos" -maltivec -MD -MT CMakeFiles/cmTC_74872.dir/src.c.o -MF CMakeFiles/cmTC_74872.dir/src.c.o.d -o CMakeFiles/cmTC_74872.dir/src.c.o -c /home/dmlasko/_cursus/cub3d/lib/SDL2/build-cmake/CMakeFiles/CMakeTmp/src.c
clang: warning: argument unused during compilation: '-maltivec' [-Wunused-command-line-argument]
In file included from /home/dmlasko/_cursus/cub3d/lib/SDL2/build-cmake/CMakeFiles/CMakeTmp/src.c:2:
/usr/lib/llvm-12/lib/clang/12.0.1/include/altivec.h:13:2: error: "AltiVec support not enabled"
#error "AltiVec support not enabled"
 ^
/usr/lib/llvm-12/lib/clang/12.0.1/include/altivec.h:48:19: error: unknown type name 'vector'
static __inline__ vector signed char __ATTRS_o_ai vec_perm(
                  ^
/usr/lib/llvm-12/lib/clang/12.0.1/include/altivec.h:49:5: error: unknown type name 'vector'
    vector signed char __a, vector signed char __b, vector unsigned char __c);
    ^
/usr/lib/llvm-12/lib/clang/12.0.1/include/altivec.h:49:29: error: unknown type name 'vector'
    vector signed char __a, vector signed char __b, vector unsigned char __c);
                            ^
/usr/lib/llvm-12/lib/clang/12.0.1/include/altivec.h:49:53: error: unknown type name 'vector'
    vector signed char __a, vector signed char __b, vector unsigned char __c);
                                                    ^
/usr/lib/llvm-12/lib/clang/12.0.1/include/altivec.h:51:19: error: unknown type name 'vector'
static __inline__ vector unsigned char __ATTRS_o_ai
                  ^
/usr/lib/llvm-12/lib/clang/12.0.1/include/altivec.h:52:10: error: unknown type name 'vector'
vec_perm(vector unsigned char __a, vector unsigned char __b,
         ^
/usr/lib/llvm-12/lib/clang/12.0.1/include/altivec.h:52:36: error: unknown type name 'vector'
vec_perm(vector unsigned char __a, vector unsigned char __b,
                                   ^
/usr/lib/llvm-12/lib/clang/12.0.1/include/altivec.h:53:10: error: unknown type name 'vector'
         vector unsigned char __c);
         ^
/usr/lib/llvm-12/lib/clang/12.0.1/include/altivec.h:55:19: error: unknown type name 'vector'
static __inline__ vector bool char __ATTRS_o_ai
                  ^
/usr/lib/llvm-12/lib/clang/12.0.1/include/altivec.h:55:8: error: 'inline' can only appear on functions
static __inline__ vector bool char __ATTRS_o_ai
       ^
/usr/lib/llvm-12/lib/clang/12.0.1/include/altivec.h:55:30: error: expected ';' after top level declarator
static __inline__ vector bool char __ATTRS_o_ai
                             ^
/usr/lib/llvm-12/lib/clang/12.0.1/include/altivec.h:56:10: error: unknown type name 'vector'
vec_perm(vector bool char __a, vector bool char __b, vector unsigned char __c);
         ^
/usr/lib/llvm-12/lib/clang/12.0.1/include/altivec.h:56:22: error: expected ')'
vec_perm(vector bool char __a, vector bool char __b, vector unsigned char __c);
                     ^
/usr/lib/llvm-12/lib/clang/12.0.1/include/altivec.h:56:9: note: to match this '('
vec_perm(vector bool char __a, vector bool char __b, vector unsigned char __c);
        ^
/usr/lib/llvm-12/lib/clang/12.0.1/include/altivec.h:58:19: error: unknown type name 'vector'
static __inline__ vector short __ATTRS_o_ai vec_perm(vector signed short __a,
                  ^
/usr/lib/llvm-12/lib/clang/12.0.1/include/altivec.h:58:54: error: unknown type name 'vector'
static __inline__ vector short __ATTRS_o_ai vec_perm(vector signed short __a,
                                                     ^
/usr/lib/llvm-12/lib/clang/12.0.1/include/altivec.h:59:54: error: unknown type name 'vector'
                                                     vector signed short __b,
                                                     ^
/usr/lib/llvm-12/lib/clang/12.0.1/include/altivec.h:60:54: error: unknown type name 'vector'
                                                     vector unsigned char __c);
                                                     ^
/usr/lib/llvm-12/lib/clang/12.0.1/include/altivec.h:62:19: error: unknown type name 'vector'
static __inline__ vector unsigned short __ATTRS_o_ai
                  ^
fatal error: too many errors emitted, stopping now [-ferror-limit=]
20 errors generated.
gmake[1]: *** [CMakeFiles/cmTC_74872.dir/build.make:79: CMakeFiles/cmTC_74872.dir/src.c.o] Error 1
gmake[1]: Leaving directory '/home/dmlasko/_cursus/cub3d/lib/SDL2/build-cmake/CMakeFiles/CMakeTmp'
gmake: *** [Makefile:127: cmTC_74872/fast] Error 2


Source file was:

          #include <altivec.h>
          vector unsigned int vzero() {
              return vec_splat_u32(0);
          }
          int main(int argc, char **argv) { return 0; }
Performing C SOURCE FILE Test CPU_SUPPORTS_ALTIVEC failed with the following output:
Change Dir: /home/dmlasko/_cursus/cub3d/lib/SDL2/build-cmake/CMakeFiles/CMakeTmp

Run Build Command(s):/usr/bin/gmake -f Makefile cmTC_70cb0/fast && /usr/bin/gmake  -f CMakeFiles/cmTC_70cb0.dir/build.make CMakeFiles/cmTC_70cb0.dir/build
gmake[1]: Entering directory '/home/dmlasko/_cursus/cub3d/lib/SDL2/build-cmake/CMakeFiles/CMakeTmp'
Building C object CMakeFiles/cmTC_70cb0.dir/src.c.o
/usr/bin/cc -DCPU_SUPPORTS_ALTIVEC  -idirafter "/home/dmlasko/_cursus/cub3d/lib/SDL2/src/video/khronos" -maltivec -MD -MT CMakeFiles/cmTC_70cb0.dir/src.c.o -MF CMakeFiles/cmTC_70cb0.dir/src.c.o.d -o CMakeFiles/cmTC_70cb0.dir/src.c.o -c /home/dmlasko/_cursus/cub3d/lib/SDL2/build-cmake/CMakeFiles/CMakeTmp/src.c
clang: warning: argument unused during compilation: '-maltivec' [-Wunused-command-line-argument]
/home/dmlasko/_cursus/cub3d/lib/SDL2/build-cmake/CMakeFiles/CMakeTmp/src.c:2:11: error: unknown type name 'vector'
          vector unsigned int vzero() {
          ^
/home/dmlasko/_cursus/cub3d/lib/SDL2/build-cmake/CMakeFiles/CMakeTmp/src.c:3:22: warning: implicit declaration of function 'vec_splat_u32' is invalid in C99 [-Wimplicit-function-declaration]
              return vec_splat_u32(0);
                     ^
1 warning and 1 error generated.
gmake[1]: *** [CMakeFiles/cmTC_70cb0.dir/build.make:79: CMakeFiles/cmTC_70cb0.dir/src.c.o] Error 1
gmake[1]: Leaving directory '/home/dmlasko/_cursus/cub3d/lib/SDL2/build-cmake/CMakeFiles/CMakeTmp'
gmake: *** [Makefile:127: cmTC_70cb0/fast] Error 2


Source file was:

          vector unsigned int vzero() {
              return vec_splat_u32(0);
          }
          int main(int argc, char **argv) { return 0; }
Determining if the strlcpy exist failed with the following output:
Change Dir: /home/dmlasko/_cursus/cub3d/lib/SDL2/build-cmake/CMakeFiles/CMakeTmp

Run Build Command(s):/usr/bin/gmake -f Makefile cmTC_46cca/fast && /usr/bin/gmake  -f CMakeFiles/cmTC_46cca.dir/build.make CMakeFiles/cmTC_46cca.dir/build
gmake[1]: Entering directory '/home/dmlasko/_cursus/cub3d/lib/SDL2/build-cmake/CMakeFiles/CMakeTmp'
Building C object CMakeFiles/cmTC_46cca.dir/CheckSymbolExists.c.o
/usr/bin/cc   -idirafter "/home/dmlasko/_cursus/cub3d/lib/SDL2/src/video/khronos"  -D_GNU_SOURCE=1 -MD -MT CMakeFiles/cmTC_46cca.dir/CheckSymbolExists.c.o -MF CMakeFiles/cmTC_46cca.dir/CheckSymbolExists.c.o.d -o CMakeFiles/cmTC_46cca.dir/CheckSymbolExists.c.o -c /home/dmlasko/_cursus/cub3d/lib/SDL2/build-cmake/CMakeFiles/CMakeTmp/CheckSymbolExists.c
/home/dmlasko/_cursus/cub3d/lib/SDL2/build-cmake/CMakeFiles/CMakeTmp/CheckSymbolExists.c:14:19: error: use of undeclared identifier 'strlcpy'
  return ((int*)(&strlcpy))[argc];
                  ^
1 error generated.
gmake[1]: *** [CMakeFiles/cmTC_46cca.dir/build.make:79: CMakeFiles/cmTC_46cca.dir/CheckSymbolExists.c.o] Error 1
gmake[1]: Leaving directory '/home/dmlasko/_cursus/cub3d/lib/SDL2/build-cmake/CMakeFiles/CMakeTmp'
gmake: *** [Makefile:127: cmTC_46cca/fast] Error 2


File /home/dmlasko/_cursus/cub3d/lib/SDL2/build-cmake/CMakeFiles/CMakeTmp/CheckSymbolExists.c:
/* */
#include <stddef.h>
#include <stdarg.h>
#include <stdlib.h>
#include <string.h>
#include <stdio.h>
#include <wchar.h>
#include <float.h>

int main(int argc, char** argv)
{
  (void)argv;
#ifndef strlcpy
  return ((int*)(&strlcpy))[argc];
#else
  (void)argc;
  return 0;
#endif
}
Determining if the strlcat exist failed with the following output:
Change Dir: /home/dmlasko/_cursus/cub3d/lib/SDL2/build-cmake/CMakeFiles/CMakeTmp

Run Build Command(s):/usr/bin/gmake -f Makefile cmTC_af055/fast && /usr/bin/gmake  -f CMakeFiles/cmTC_af055.dir/build.make CMakeFiles/cmTC_af055.dir/build
gmake[1]: Entering directory '/home/dmlasko/_cursus/cub3d/lib/SDL2/build-cmake/CMakeFiles/CMakeTmp'
Building C object CMakeFiles/cmTC_af055.dir/CheckSymbolExists.c.o
/usr/bin/cc   -idirafter "/home/dmlasko/_cursus/cub3d/lib/SDL2/src/video/khronos"  -D_GNU_SOURCE=1 -MD -MT CMakeFiles/cmTC_af055.dir/CheckSymbolExists.c.o -MF CMakeFiles/cmTC_af055.dir/CheckSymbolExists.c.o.d -o CMakeFiles/cmTC_af055.dir/CheckSymbolExists.c.o -c /home/dmlasko/_cursus/cub3d/lib/SDL2/build-cmake/CMakeFiles/CMakeTmp/CheckSymbolExists.c
/home/dmlasko/_cursus/cub3d/lib/SDL2/build-cmake/CMakeFiles/CMakeTmp/CheckSymbolExists.c:14:19: error: use of undeclared identifier 'strlcat'
  return ((int*)(&strlcat))[argc];
                  ^
1 error generated.
gmake[1]: *** [CMakeFiles/cmTC_af055.dir/build.make:79: CMakeFiles/cmTC_af055.dir/CheckSymbolExists.c.o] Error 1
gmake[1]: Leaving directory '/home/dmlasko/_cursus/cub3d/lib/SDL2/build-cmake/CMakeFiles/CMakeTmp'
gmake: *** [Makefile:127: cmTC_af055/fast] Error 2


File /home/dmlasko/_cursus/cub3d/lib/SDL2/build-cmake/CMakeFiles/CMakeTmp/CheckSymbolExists.c:
/* */
#include <stddef.h>
#include <stdarg.h>
#include <stdlib.h>
#include <string.h>
#include <stdio.h>
#include <wchar.h>
#include <float.h>

int main(int argc, char** argv)
{
  (void)argv;
#ifndef strlcat
  return ((int*)(&strlcat))[argc];
#else
  (void)argc;
  return 0;
#endif
}
Determining if the _strrev exist failed with the following output:
Change Dir: /home/dmlasko/_cursus/cub3d/lib/SDL2/build-cmake/CMakeFiles/CMakeTmp

Run Build Command(s):/usr/bin/gmake -f Makefile cmTC_96aba/fast && /usr/bin/gmake  -f CMakeFiles/cmTC_96aba.dir/build.make CMakeFiles/cmTC_96aba.dir/build
gmake[1]: Entering directory '/home/dmlasko/_cursus/cub3d/lib/SDL2/build-cmake/CMakeFiles/CMakeTmp'
Building C object CMakeFiles/cmTC_96aba.dir/CheckSymbolExists.c.o
/usr/bin/cc   -idirafter "/home/dmlasko/_cursus/cub3d/lib/SDL2/src/video/khronos"  -D_GNU_SOURCE=1 -MD -MT CMakeFiles/cmTC_96aba.dir/CheckSymbolExists.c.o -MF CMakeFiles/cmTC_96aba.dir/CheckSymbolExists.c.o.d -o CMakeFiles/cmTC_96aba.dir/CheckSymbolExists.c.o -c /home/dmlasko/_cursus/cub3d/lib/SDL2/build-cmake/CMakeFiles/CMakeTmp/CheckSymbolExists.c
/home/dmlasko/_cursus/cub3d/lib/SDL2/build-cmake/CMakeFiles/CMakeTmp/CheckSymbolExists.c:14:19: error: use of undeclared identifier '_strrev'
  return ((int*)(&_strrev))[argc];
                  ^
1 error generated.
gmake[1]: *** [CMakeFiles/cmTC_96aba.dir/build.make:79: CMakeFiles/cmTC_96aba.dir/CheckSymbolExists.c.o] Error 1
gmake[1]: Leaving directory '/home/dmlasko/_cursus/cub3d/lib/SDL2/build-cmake/CMakeFiles/CMakeTmp'
gmake: *** [Makefile:127: cmTC_96aba/fast] Error 2


File /home/dmlasko/_cursus/cub3d/lib/SDL2/build-cmake/CMakeFiles/CMakeTmp/CheckSymbolExists.c:
/* */
#include <stddef.h>
#include <stdarg.h>
#include <stdlib.h>
#include <string.h>
#include <stdio.h>
#include <wchar.h>
#include <float.h>

int main(int argc, char** argv)
{
  (void)argv;
#ifndef _strrev
  return ((int*)(&_strrev))[argc];
#else
  (void)argc;
  return 0;
#endif
}
Determining if the _strupr exist failed with the following output:
Change Dir: /home/dmlasko/_cursus/cub3d/lib/SDL2/build-cmake/CMakeFiles/CMakeTmp

Run Build Command(s):/usr/bin/gmake -f Makefile cmTC_474d9/fast && /usr/bin/gmake  -f CMakeFiles/cmTC_474d9.dir/build.make CMakeFiles/cmTC_474d9.dir/build
gmake[1]: Entering directory '/home/dmlasko/_cursus/cub3d/lib/SDL2/build-cmake/CMakeFiles/CMakeTmp'
Building C object CMakeFiles/cmTC_474d9.dir/CheckSymbolExists.c.o
/usr/bin/cc   -idirafter "/home/dmlasko/_cursus/cub3d/lib/SDL2/src/video/khronos"  -D_GNU_SOURCE=1 -MD -MT CMakeFiles/cmTC_474d9.dir/CheckSymbolExists.c.o -MF CMakeFiles/cmTC_474d9.dir/CheckSymbolExists.c.o.d -o CMakeFiles/cmTC_474d9.dir/CheckSymbolExists.c.o -c /home/dmlasko/_cursus/cub3d/lib/SDL2/build-cmake/CMakeFiles/CMakeTmp/CheckSymbolExists.c
/home/dmlasko/_cursus/cub3d/lib/SDL2/build-cmake/CMakeFiles/CMakeTmp/CheckSymbolExists.c:14:19: error: use of undeclared identifier '_strupr'
  return ((int*)(&_strupr))[argc];
                  ^
1 error generated.
gmake[1]: *** [CMakeFiles/cmTC_474d9.dir/build.make:79: CMakeFiles/cmTC_474d9.dir/CheckSymbolExists.c.o] Error 1
gmake[1]: Leaving directory '/home/dmlasko/_cursus/cub3d/lib/SDL2/build-cmake/CMakeFiles/CMakeTmp'
gmake: *** [Makefile:127: cmTC_474d9/fast] Error 2


File /home/dmlasko/_cursus/cub3d/lib/SDL2/build-cmake/CMakeFiles/CMakeTmp/CheckSymbolExists.c:
/* */
#include <stddef.h>
#include <stdarg.h>
#include <stdlib.h>
#include <string.h>
#include <stdio.h>
#include <wchar.h>
#include <float.h>

int main(int argc, char** argv)
{
  (void)argv;
#ifndef _strupr
  return ((int*)(&_strupr))[argc];
#else
  (void)argc;
  return 0;
#endif
}
Determining if the _strlwr exist failed with the following output:
Change Dir: /home/dmlasko/_cursus/cub3d/lib/SDL2/build-cmake/CMakeFiles/CMakeTmp

Run Build Command(s):/usr/bin/gmake -f Makefile cmTC_b4078/fast && /usr/bin/gmake  -f CMakeFiles/cmTC_b4078.dir/build.make CMakeFiles/cmTC_b4078.dir/build
gmake[1]: Entering directory '/home/dmlasko/_cursus/cub3d/lib/SDL2/build-cmake/CMakeFiles/CMakeTmp'
Building C object CMakeFiles/cmTC_b4078.dir/CheckSymbolExists.c.o
/usr/bin/cc   -idirafter "/home/dmlasko/_cursus/cub3d/lib/SDL2/src/video/khronos"  -D_GNU_SOURCE=1 -MD -MT CMakeFiles/cmTC_b4078.dir/CheckSymbolExists.c.o -MF CMakeFiles/cmTC_b4078.dir/CheckSymbolExists.c.o.d -o CMakeFiles/cmTC_b4078.dir/CheckSymbolExists.c.o -c /home/dmlasko/_cursus/cub3d/lib/SDL2/build-cmake/CMakeFiles/CMakeTmp/CheckSymbolExists.c
/home/dmlasko/_cursus/cub3d/lib/SDL2/build-cmake/CMakeFiles/CMakeTmp/CheckSymbolExists.c:14:19: error: use of undeclared identifier '_strlwr'
  return ((int*)(&_strlwr))[argc];
                  ^
1 error generated.
gmake[1]: *** [CMakeFiles/cmTC_b4078.dir/build.make:79: CMakeFiles/cmTC_b4078.dir/CheckSymbolExists.c.o] Error 1
gmake[1]: Leaving directory '/home/dmlasko/_cursus/cub3d/lib/SDL2/build-cmake/CMakeFiles/CMakeTmp'
gmake: *** [Makefile:127: cmTC_b4078/fast] Error 2


File /home/dmlasko/_cursus/cub3d/lib/SDL2/build-cmake/CMakeFiles/CMakeTmp/CheckSymbolExists.c:
/* */
#include <stddef.h>
#include <stdarg.h>
#include <stdlib.h>
#include <string.h>
#include <stdio.h>
#include <wchar.h>
#include <float.h>

int main(int argc, char** argv)
{
  (void)argv;
#ifndef _strlwr
  return ((int*)(&_strlwr))[argc];
#else
  (void)argc;
  return 0;
#endif
}
Determining if the itoa exist failed with the following output:
Change Dir: /home/dmlasko/_cursus/cub3d/lib/SDL2/build-cmake/CMakeFiles/CMakeTmp

Run Build Command(s):/usr/bin/gmake -f Makefile cmTC_4283e/fast && /usr/bin/gmake  -f CMakeFiles/cmTC_4283e.dir/build.make CMakeFiles/cmTC_4283e.dir/build
gmake[1]: Entering directory '/home/dmlasko/_cursus/cub3d/lib/SDL2/build-cmake/CMakeFiles/CMakeTmp'
Building C object CMakeFiles/cmTC_4283e.dir/CheckSymbolExists.c.o
/usr/bin/cc   -idirafter "/home/dmlasko/_cursus/cub3d/lib/SDL2/src/video/khronos"  -D_GNU_SOURCE=1 -MD -MT CMakeFiles/cmTC_4283e.dir/CheckSymbolExists.c.o -MF CMakeFiles/cmTC_4283e.dir/CheckSymbolExists.c.o.d -o CMakeFiles/cmTC_4283e.dir/CheckSymbolExists.c.o -c /home/dmlasko/_cursus/cub3d/lib/SDL2/build-cmake/CMakeFiles/CMakeTmp/CheckSymbolExists.c
/home/dmlasko/_cursus/cub3d/lib/SDL2/build-cmake/CMakeFiles/CMakeTmp/CheckSymbolExists.c:14:19: error: use of undeclared identifier 'itoa'
  return ((int*)(&itoa))[argc];
                  ^
1 error generated.
gmake[1]: *** [CMakeFiles/cmTC_4283e.dir/build.make:79: CMakeFiles/cmTC_4283e.dir/CheckSymbolExists.c.o] Error 1
gmake[1]: Leaving directory '/home/dmlasko/_cursus/cub3d/lib/SDL2/build-cmake/CMakeFiles/CMakeTmp'
gmake: *** [Makefile:127: cmTC_4283e/fast] Error 2


File /home/dmlasko/_cursus/cub3d/lib/SDL2/build-cmake/CMakeFiles/CMakeTmp/CheckSymbolExists.c:
/* */
#include <stddef.h>
#include <stdarg.h>
#include <stdlib.h>
#include <string.h>
#include <stdio.h>
#include <wchar.h>
#include <float.h>

int main(int argc, char** argv)
{
  (void)argv;
#ifndef itoa
  return ((int*)(&itoa))[argc];
#else
  (void)argc;
  return 0;
#endif
}
Determining if the _ltoa exist failed with the following output:
Change Dir: /home/dmlasko/_cursus/cub3d/lib/SDL2/build-cmake/CMakeFiles/CMakeTmp

Run Build Command(s):/usr/bin/gmake -f Makefile cmTC_74440/fast && /usr/bin/gmake  -f CMakeFiles/cmTC_74440.dir/build.make CMakeFiles/cmTC_74440.dir/build
gmake[1]: Entering directory '/home/dmlasko/_cursus/cub3d/lib/SDL2/build-cmake/CMakeFiles/CMakeTmp'
Building C object CMakeFiles/cmTC_74440.dir/CheckSymbolExists.c.o
/usr/bin/cc   -idirafter "/home/dmlasko/_cursus/cub3d/lib/SDL2/src/video/khronos"  -D_GNU_SOURCE=1 -MD -MT CMakeFiles/cmTC_74440.dir/CheckSymbolExists.c.o -MF CMakeFiles/cmTC_74440.dir/CheckSymbolExists.c.o.d -o CMakeFiles/cmTC_74440.dir/CheckSymbolExists.c.o -c /home/dmlasko/_cursus/cub3d/lib/SDL2/build-cmake/CMakeFiles/CMakeTmp/CheckSymbolExists.c
/home/dmlasko/_cursus/cub3d/lib/SDL2/build-cmake/CMakeFiles/CMakeTmp/CheckSymbolExists.c:14:19: error: use of undeclared identifier '_ltoa'
  return ((int*)(&_ltoa))[argc];
                  ^
1 error generated.
gmake[1]: *** [CMakeFiles/cmTC_74440.dir/build.make:79: CMakeFiles/cmTC_74440.dir/CheckSymbolExists.c.o] Error 1
gmake[1]: Leaving directory '/home/dmlasko/_cursus/cub3d/lib/SDL2/build-cmake/CMakeFiles/CMakeTmp'
gmake: *** [Makefile:127: cmTC_74440/fast] Error 2


File /home/dmlasko/_cursus/cub3d/lib/SDL2/build-cmake/CMakeFiles/CMakeTmp/CheckSymbolExists.c:
/* */
#include <stddef.h>
#include <stdarg.h>
#include <stdlib.h>
#include <string.h>
#include <stdio.h>
#include <wchar.h>
#include <float.h>

int main(int argc, char** argv)
{
  (void)argv;
#ifndef _ltoa
  return ((int*)(&_ltoa))[argc];
#else
  (void)argc;
  return 0;
#endif
}
Determining if the _uitoa exist failed with the following output:
Change Dir: /home/dmlasko/_cursus/cub3d/lib/SDL2/build-cmake/CMakeFiles/CMakeTmp

Run Build Command(s):/usr/bin/gmake -f Makefile cmTC_de0b6/fast && /usr/bin/gmake  -f CMakeFiles/cmTC_de0b6.dir/build.make CMakeFiles/cmTC_de0b6.dir/build
gmake[1]: Entering directory '/home/dmlasko/_cursus/cub3d/lib/SDL2/build-cmake/CMakeFiles/CMakeTmp'
Building C object CMakeFiles/cmTC_de0b6.dir/CheckSymbolExists.c.o
/usr/bin/cc   -idirafter "/home/dmlasko/_cursus/cub3d/lib/SDL2/src/video/khronos"  -D_GNU_SOURCE=1 -MD -MT CMakeFiles/cmTC_de0b6.dir/CheckSymbolExists.c.o -MF CMakeFiles/cmTC_de0b6.dir/CheckSymbolExists.c.o.d -o CMakeFiles/cmTC_de0b6.dir/CheckSymbolExists.c.o -c /home/dmlasko/_cursus/cub3d/lib/SDL2/build-cmake/CMakeFiles/CMakeTmp/CheckSymbolExists.c
/home/dmlasko/_cursus/cub3d/lib/SDL2/build-cmake/CMakeFiles/CMakeTmp/CheckSymbolExists.c:14:19: error: use of undeclared identifier '_uitoa'
  return ((int*)(&_uitoa))[argc];
                  ^
1 error generated.
gmake[1]: *** [CMakeFiles/cmTC_de0b6.dir/build.make:79: CMakeFiles/cmTC_de0b6.dir/CheckSymbolExists.c.o] Error 1
gmake[1]: Leaving directory '/home/dmlasko/_cursus/cub3d/lib/SDL2/build-cmake/CMakeFiles/CMakeTmp'
gmake: *** [Makefile:127: cmTC_de0b6/fast] Error 2


File /home/dmlasko/_cursus/cub3d/lib/SDL2/build-cmake/CMakeFiles/CMakeTmp/CheckSymbolExists.c:
/* */
#include <stddef.h>
#include <stdarg.h>
#include <stdlib.h>
#include <string.h>
#include <stdio.h>
#include <wchar.h>
#include <float.h>

int main(int argc, char** argv)
{
  (void)argv;
#ifndef _uitoa
  return ((int*)(&_uitoa))[argc];
#else
  (void)argc;
  return 0;
#endif
}
Determining if the _ultoa exist failed with the following output:
Change Dir: /home/dmlasko/_cursus/cub3d/lib/SDL2/build-cmake/CMakeFiles/CMakeTmp

Run Build Command(s):/usr/bin/gmake -f Makefile cmTC_7d586/fast && /usr/bin/gmake  -f CMakeFiles/cmTC_7d586.dir/build.make CMakeFiles/cmTC_7d586.dir/build
gmake[1]: Entering directory '/home/dmlasko/_cursus/cub3d/lib/SDL2/build-cmake/CMakeFiles/CMakeTmp'
Building C object CMakeFiles/cmTC_7d586.dir/CheckSymbolExists.c.o
/usr/bin/cc   -idirafter "/home/dmlasko/_cursus/cub3d/lib/SDL2/src/video/khronos"  -D_GNU_SOURCE=1 -MD -MT CMakeFiles/cmTC_7d586.dir/CheckSymbolExists.c.o -MF CMakeFiles/cmTC_7d586.dir/CheckSymbolExists.c.o.d -o CMakeFiles/cmTC_7d586.dir/CheckSymbolExists.c.o -c /home/dmlasko/_cursus/cub3d/lib/SDL2/build-cmake/CMakeFiles/CMakeTmp/CheckSymbolExists.c
/home/dmlasko/_cursus/cub3d/lib/SDL2/build-cmake/CMakeFiles/CMakeTmp/CheckSymbolExists.c:14:19: error: use of undeclared identifier '_ultoa'
  return ((int*)(&_ultoa))[argc];
                  ^
1 error generated.
gmake[1]: *** [CMakeFiles/cmTC_7d586.dir/build.make:79: CMakeFiles/cmTC_7d586.dir/CheckSymbolExists.c.o] Error 1
gmake[1]: Leaving directory '/home/dmlasko/_cursus/cub3d/lib/SDL2/build-cmake/CMakeFiles/CMakeTmp'
gmake: *** [Makefile:127: cmTC_7d586/fast] Error 2


File /home/dmlasko/_cursus/cub3d/lib/SDL2/build-cmake/CMakeFiles/CMakeTmp/CheckSymbolExists.c:
/* */
#include <stddef.h>
#include <stdarg.h>
#include <stdlib.h>
#include <string.h>
#include <stdio.h>
#include <wchar.h>
#include <float.h>

int main(int argc, char** argv)
{
  (void)argv;
#ifndef _ultoa
  return ((int*)(&_ultoa))[argc];
#else
  (void)argc;
  return 0;
#endif
}
Determining if the _i64toa exist failed with the following output:
Change Dir: /home/dmlasko/_cursus/cub3d/lib/SDL2/build-cmake/CMakeFiles/CMakeTmp

Run Build Command(s):/usr/bin/gmake -f Makefile cmTC_8e473/fast && /usr/bin/gmake  -f CMakeFiles/cmTC_8e473.dir/build.make CMakeFiles/cmTC_8e473.dir/build
gmake[1]: Entering directory '/home/dmlasko/_cursus/cub3d/lib/SDL2/build-cmake/CMakeFiles/CMakeTmp'
Building C object CMakeFiles/cmTC_8e473.dir/CheckSymbolExists.c.o
/usr/bin/cc   -idirafter "/home/dmlasko/_cursus/cub3d/lib/SDL2/src/video/khronos"  -D_GNU_SOURCE=1 -MD -MT CMakeFiles/cmTC_8e473.dir/CheckSymbolExists.c.o -MF CMakeFiles/cmTC_8e473.dir/CheckSymbolExists.c.o.d -o CMakeFiles/cmTC_8e473.dir/CheckSymbolExists.c.o -c /home/dmlasko/_cursus/cub3d/lib/SDL2/build-cmake/CMakeFiles/CMakeTmp/CheckSymbolExists.c
/home/dmlasko/_cursus/cub3d/lib/SDL2/build-cmake/CMakeFiles/CMakeTmp/CheckSymbolExists.c:14:19: error: use of undeclared identifier '_i64toa'
  return ((int*)(&_i64toa))[argc];
                  ^
1 error generated.
gmake[1]: *** [CMakeFiles/cmTC_8e473.dir/build.make:79: CMakeFiles/cmTC_8e473.dir/CheckSymbolExists.c.o] Error 1
gmake[1]: Leaving directory '/home/dmlasko/_cursus/cub3d/lib/SDL2/build-cmake/CMakeFiles/CMakeTmp'
gmake: *** [Makefile:127: cmTC_8e473/fast] Error 2


File /home/dmlasko/_cursus/cub3d/lib/SDL2/build-cmake/CMakeFiles/CMakeTmp/CheckSymbolExists.c:
/* */
#include <stddef.h>
#include <stdarg.h>
#include <stdlib.h>
#include <string.h>
#include <stdio.h>
#include <wchar.h>
#include <float.h>

int main(int argc, char** argv)
{
  (void)argv;
#ifndef _i64toa
  return ((int*)(&_i64toa))[argc];
#else
  (void)argc;
  return 0;
#endif
}
Determining if the _ui64toa exist failed with the following output:
Change Dir: /home/dmlasko/_cursus/cub3d/lib/SDL2/build-cmake/CMakeFiles/CMakeTmp

Run Build Command(s):/usr/bin/gmake -f Makefile cmTC_60d03/fast && /usr/bin/gmake  -f CMakeFiles/cmTC_60d03.dir/build.make CMakeFiles/cmTC_60d03.dir/build
gmake[1]: Entering directory '/home/dmlasko/_cursus/cub3d/lib/SDL2/build-cmake/CMakeFiles/CMakeTmp'
Building C object CMakeFiles/cmTC_60d03.dir/CheckSymbolExists.c.o
/usr/bin/cc   -idirafter "/home/dmlasko/_cursus/cub3d/lib/SDL2/src/video/khronos"  -D_GNU_SOURCE=1 -MD -MT CMakeFiles/cmTC_60d03.dir/CheckSymbolExists.c.o -MF CMakeFiles/cmTC_60d03.dir/CheckSymbolExists.c.o.d -o CMakeFiles/cmTC_60d03.dir/CheckSymbolExists.c.o -c /home/dmlasko/_cursus/cub3d/lib/SDL2/build-cmake/CMakeFiles/CMakeTmp/CheckSymbolExists.c
/home/dmlasko/_cursus/cub3d/lib/SDL2/build-cmake/CMakeFiles/CMakeTmp/CheckSymbolExists.c:14:19: error: use of undeclared identifier '_ui64toa'
  return ((int*)(&_ui64toa))[argc];
                  ^
1 error generated.
gmake[1]: *** [CMakeFiles/cmTC_60d03.dir/build.make:79: CMakeFiles/cmTC_60d03.dir/CheckSymbolExists.c.o] Error 1
gmake[1]: Leaving directory '/home/dmlasko/_cursus/cub3d/lib/SDL2/build-cmake/CMakeFiles/CMakeTmp'
gmake: *** [Makefile:127: cmTC_60d03/fast] Error 2


File /home/dmlasko/_cursus/cub3d/lib/SDL2/build-cmake/CMakeFiles/CMakeTmp/CheckSymbolExists.c:
/* */
#include <stddef.h>
#include <stdarg.h>
#include <stdlib.h>
#include <string.h>
#include <stdio.h>
#include <wchar.h>
#include <float.h>

int main(int argc, char** argv)
{
  (void)argv;
#ifndef _ui64toa
  return ((int*)(&_ui64toa))[argc];
#else
  (void)argc;
  return 0;
#endif
}
Determining if the _stricmp exist failed with the following output:
Change Dir: /home/dmlasko/_cursus/cub3d/lib/SDL2/build-cmake/CMakeFiles/CMakeTmp

Run Build Command(s):/usr/bin/gmake -f Makefile cmTC_59191/fast && /usr/bin/gmake  -f CMakeFiles/cmTC_59191.dir/build.make CMakeFiles/cmTC_59191.dir/build
gmake[1]: Entering directory '/home/dmlasko/_cursus/cub3d/lib/SDL2/build-cmake/CMakeFiles/CMakeTmp'
Building C object CMakeFiles/cmTC_59191.dir/CheckSymbolExists.c.o
/usr/bin/cc   -idirafter "/home/dmlasko/_cursus/cub3d/lib/SDL2/src/video/khronos"  -D_GNU_SOURCE=1 -MD -MT CMakeFiles/cmTC_59191.dir/CheckSymbolExists.c.o -MF CMakeFiles/cmTC_59191.dir/CheckSymbolExists.c.o.d -o CMakeFiles/cmTC_59191.dir/CheckSymbolExists.c.o -c /home/dmlasko/_cursus/cub3d/lib/SDL2/build-cmake/CMakeFiles/CMakeTmp/CheckSymbolExists.c
/home/dmlasko/_cursus/cub3d/lib/SDL2/build-cmake/CMakeFiles/CMakeTmp/CheckSymbolExists.c:14:19: error: use of undeclared identifier '_stricmp'
  return ((int*)(&_stricmp))[argc];
                  ^
1 error generated.
gmake[1]: *** [CMakeFiles/cmTC_59191.dir/build.make:79: CMakeFiles/cmTC_59191.dir/CheckSymbolExists.c.o] Error 1
gmake[1]: Leaving directory '/home/dmlasko/_cursus/cub3d/lib/SDL2/build-cmake/CMakeFiles/CMakeTmp'
gmake: *** [Makefile:127: cmTC_59191/fast] Error 2


File /home/dmlasko/_cursus/cub3d/lib/SDL2/build-cmake/CMakeFiles/CMakeTmp/CheckSymbolExists.c:
/* */
#include <stddef.h>
#include <stdarg.h>
#include <stdlib.h>
#include <string.h>
#include <stdio.h>
#include <wchar.h>
#include <float.h>

int main(int argc, char** argv)
{
  (void)argv;
#ifndef _stricmp
  return ((int*)(&_stricmp))[argc];
#else
  (void)argc;
  return 0;
#endif
}
Determining if the _strnicmp exist failed with the following output:
Change Dir: /home/dmlasko/_cursus/cub3d/lib/SDL2/build-cmake/CMakeFiles/CMakeTmp

Run Build Command(s):/usr/bin/gmake -f Makefile cmTC_893d0/fast && /usr/bin/gmake  -f CMakeFiles/cmTC_893d0.dir/build.make CMakeFiles/cmTC_893d0.dir/build
gmake[1]: Entering directory '/home/dmlasko/_cursus/cub3d/lib/SDL2/build-cmake/CMakeFiles/CMakeTmp'
Building C object CMakeFiles/cmTC_893d0.dir/CheckSymbolExists.c.o
/usr/bin/cc   -idirafter "/home/dmlasko/_cursus/cub3d/lib/SDL2/src/video/khronos"  -D_GNU_SOURCE=1 -MD -MT CMakeFiles/cmTC_893d0.dir/CheckSymbolExists.c.o -MF CMakeFiles/cmTC_893d0.dir/CheckSymbolExists.c.o.d -o CMakeFiles/cmTC_893d0.dir/CheckSymbolExists.c.o -c /home/dmlasko/_cursus/cub3d/lib/SDL2/build-cmake/CMakeFiles/CMakeTmp/CheckSymbolExists.c
/home/dmlasko/_cursus/cub3d/lib/SDL2/build-cmake/CMakeFiles/CMakeTmp/CheckSymbolExists.c:14:19: error: use of undeclared identifier '_strnicmp'; did you mean 'strncmp'?
  return ((int*)(&_strnicmp))[argc];
                  ^~~~~~~~~
                  strncmp
/usr/include/string.h:159:12: note: 'strncmp' declared here
extern int strncmp (const char *__s1, const char *__s2, size_t __n)
           ^
1 error generated.
gmake[1]: *** [CMakeFiles/cmTC_893d0.dir/build.make:79: CMakeFiles/cmTC_893d0.dir/CheckSymbolExists.c.o] Error 1
gmake[1]: Leaving directory '/home/dmlasko/_cursus/cub3d/lib/SDL2/build-cmake/CMakeFiles/CMakeTmp'
gmake: *** [Makefile:127: cmTC_893d0/fast] Error 2


File /home/dmlasko/_cursus/cub3d/lib/SDL2/build-cmake/CMakeFiles/CMakeTmp/CheckSymbolExists.c:
/* */
#include <stddef.h>
#include <stdarg.h>
#include <stdlib.h>
#include <string.h>
#include <stdio.h>
#include <wchar.h>
#include <float.h>

int main(int argc, char** argv)
{
  (void)argv;
#ifndef _strnicmp
  return ((int*)(&_strnicmp))[argc];
#else
  (void)argc;
  return 0;
#endif
}
Determining if the _wcsdup exist failed with the following output:
Change Dir: /home/dmlasko/_cursus/cub3d/lib/SDL2/build-cmake/CMakeFiles/CMakeTmp

Run Build Command(s):/usr/bin/gmake -f Makefile cmTC_cbbac/fast && /usr/bin/gmake  -f CMakeFiles/cmTC_cbbac.dir/build.make CMakeFiles/cmTC_cbbac.dir/build
gmake[1]: Entering directory '/home/dmlasko/_cursus/cub3d/lib/SDL2/build-cmake/CMakeFiles/CMakeTmp'
Building C object CMakeFiles/cmTC_cbbac.dir/CheckSymbolExists.c.o
/usr/bin/cc   -idirafter "/home/dmlasko/_cursus/cub3d/lib/SDL2/src/video/khronos"  -D_GNU_SOURCE=1 -MD -MT CMakeFiles/cmTC_cbbac.dir/CheckSymbolExists.c.o -MF CMakeFiles/cmTC_cbbac.dir/CheckSymbolExists.c.o.d -o CMakeFiles/cmTC_cbbac.dir/CheckSymbolExists.c.o -c /home/dmlasko/_cursus/cub3d/lib/SDL2/build-cmake/CMakeFiles/CMakeTmp/CheckSymbolExists.c
/home/dmlasko/_cursus/cub3d/lib/SDL2/build-cmake/CMakeFiles/CMakeTmp/CheckSymbolExists.c:14:19: error: use of undeclared identifier '_wcsdup'; did you mean 'wcsdup'?
  return ((int*)(&_wcsdup))[argc];
                  ^~~~~~~
                  wcsdup
/usr/include/wchar.h:154:17: note: 'wcsdup' declared here
extern wchar_t *wcsdup (const wchar_t *__s) __THROW
                ^
1 error generated.
gmake[1]: *** [CMakeFiles/cmTC_cbbac.dir/build.make:79: CMakeFiles/cmTC_cbbac.dir/CheckSymbolExists.c.o] Error 1
gmake[1]: Leaving directory '/home/dmlasko/_cursus/cub3d/lib/SDL2/build-cmake/CMakeFiles/CMakeTmp'
gmake: *** [Makefile:127: cmTC_cbbac/fast] Error 2


File /home/dmlasko/_cursus/cub3d/lib/SDL2/build-cmake/CMakeFiles/CMakeTmp/CheckSymbolExists.c:
/* */
#include <stddef.h>
#include <stdarg.h>
#include <stdlib.h>
#include <string.h>
#include <stdio.h>
#include <wchar.h>
#include <float.h>

int main(int argc, char** argv)
{
  (void)argv;
#ifndef _wcsdup
  return ((int*)(&_wcsdup))[argc];
#else
  (void)argc;
  return 0;
#endif
}
Determining if the wcslcat exist failed with the following output:
Change Dir: /home/dmlasko/_cursus/cub3d/lib/SDL2/build-cmake/CMakeFiles/CMakeTmp

Run Build Command(s):/usr/bin/gmake -f Makefile cmTC_80395/fast && /usr/bin/gmake  -f CMakeFiles/cmTC_80395.dir/build.make CMakeFiles/cmTC_80395.dir/build
gmake[1]: Entering directory '/home/dmlasko/_cursus/cub3d/lib/SDL2/build-cmake/CMakeFiles/CMakeTmp'
Building C object CMakeFiles/cmTC_80395.dir/CheckSymbolExists.c.o
/usr/bin/cc   -idirafter "/home/dmlasko/_cursus/cub3d/lib/SDL2/src/video/khronos"  -D_GNU_SOURCE=1 -MD -MT CMakeFiles/cmTC_80395.dir/CheckSymbolExists.c.o -MF CMakeFiles/cmTC_80395.dir/CheckSymbolExists.c.o.d -o CMakeFiles/cmTC_80395.dir/CheckSymbolExists.c.o -c /home/dmlasko/_cursus/cub3d/lib/SDL2/build-cmake/CMakeFiles/CMakeTmp/CheckSymbolExists.c
/home/dmlasko/_cursus/cub3d/lib/SDL2/build-cmake/CMakeFiles/CMakeTmp/CheckSymbolExists.c:14:19: error: use of undeclared identifier 'wcslcat'
  return ((int*)(&wcslcat))[argc];
                  ^
1 error generated.
gmake[1]: *** [CMakeFiles/cmTC_80395.dir/build.make:79: CMakeFiles/cmTC_80395.dir/CheckSymbolExists.c.o] Error 1
gmake[1]: Leaving directory '/home/dmlasko/_cursus/cub3d/lib/SDL2/build-cmake/CMakeFiles/CMakeTmp'
gmake: *** [Makefile:127: cmTC_80395/fast] Error 2


File /home/dmlasko/_cursus/cub3d/lib/SDL2/build-cmake/CMakeFiles/CMakeTmp/CheckSymbolExists.c:
/* */
#include <stddef.h>
#include <stdarg.h>
#include <stdlib.h>
#include <string.h>
#include <stdio.h>
#include <wchar.h>
#include <float.h>

int main(int argc, char** argv)
{
  (void)argv;
#ifndef wcslcat
  return ((int*)(&wcslcat))[argc];
#else
  (void)argc;
  return 0;
#endif
}
Determining if the wcslcpy exist failed with the following output:
Change Dir: /home/dmlasko/_cursus/cub3d/lib/SDL2/build-cmake/CMakeFiles/CMakeTmp

Run Build Command(s):/usr/bin/gmake -f Makefile cmTC_46639/fast && /usr/bin/gmake  -f CMakeFiles/cmTC_46639.dir/build.make CMakeFiles/cmTC_46639.dir/build
gmake[1]: Entering directory '/home/dmlasko/_cursus/cub3d/lib/SDL2/build-cmake/CMakeFiles/CMakeTmp'
Building C object CMakeFiles/cmTC_46639.dir/CheckSymbolExists.c.o
/usr/bin/cc   -idirafter "/home/dmlasko/_cursus/cub3d/lib/SDL2/src/video/khronos"  -D_GNU_SOURCE=1 -MD -MT CMakeFiles/cmTC_46639.dir/CheckSymbolExists.c.o -MF CMakeFiles/cmTC_46639.dir/CheckSymbolExists.c.o.d -o CMakeFiles/cmTC_46639.dir/CheckSymbolExists.c.o -c /home/dmlasko/_cursus/cub3d/lib/SDL2/build-cmake/CMakeFiles/CMakeTmp/CheckSymbolExists.c
/home/dmlasko/_cursus/cub3d/lib/SDL2/build-cmake/CMakeFiles/CMakeTmp/CheckSymbolExists.c:14:19: error: use of undeclared identifier 'wcslcpy'
  return ((int*)(&wcslcpy))[argc];
                  ^
1 error generated.
gmake[1]: *** [CMakeFiles/cmTC_46639.dir/build.make:79: CMakeFiles/cmTC_46639.dir/CheckSymbolExists.c.o] Error 1
gmake[1]: Leaving directory '/home/dmlasko/_cursus/cub3d/lib/SDL2/build-cmake/CMakeFiles/CMakeTmp'
gmake: *** [Makefile:127: cmTC_46639/fast] Error 2


File /home/dmlasko/_cursus/cub3d/lib/SDL2/build-cmake/CMakeFiles/CMakeTmp/CheckSymbolExists.c:
/* */
#include <stddef.h>
#include <stdarg.h>
#include <stdlib.h>
#include <string.h>
#include <stdio.h>
#include <wchar.h>
#include <float.h>

int main(int argc, char** argv)
{
  (void)argv;
#ifndef wcslcpy
  return ((int*)(&wcslcpy))[argc];
#else
  (void)argc;
  return 0;
#endif
}
Determining if the _wcsicmp exist failed with the following output:
Change Dir: /home/dmlasko/_cursus/cub3d/lib/SDL2/build-cmake/CMakeFiles/CMakeTmp

Run Build Command(s):/usr/bin/gmake -f Makefile cmTC_704fa/fast && /usr/bin/gmake  -f CMakeFiles/cmTC_704fa.dir/build.make CMakeFiles/cmTC_704fa.dir/build
gmake[1]: Entering directory '/home/dmlasko/_cursus/cub3d/lib/SDL2/build-cmake/CMakeFiles/CMakeTmp'
Building C object CMakeFiles/cmTC_704fa.dir/CheckSymbolExists.c.o
/usr/bin/cc   -idirafter "/home/dmlasko/_cursus/cub3d/lib/SDL2/src/video/khronos"  -D_GNU_SOURCE=1 -MD -MT CMakeFiles/cmTC_704fa.dir/CheckSymbolExists.c.o -MF CMakeFiles/cmTC_704fa.dir/CheckSymbolExists.c.o.d -o CMakeFiles/cmTC_704fa.dir/CheckSymbolExists.c.o -c /home/dmlasko/_cursus/cub3d/lib/SDL2/build-cmake/CMakeFiles/CMakeTmp/CheckSymbolExists.c
/home/dmlasko/_cursus/cub3d/lib/SDL2/build-cmake/CMakeFiles/CMakeTmp/CheckSymbolExists.c:14:19: error: use of undeclared identifier '_wcsicmp'
  return ((int*)(&_wcsicmp))[argc];
                  ^
1 error generated.
gmake[1]: *** [CMakeFiles/cmTC_704fa.dir/build.make:79: CMakeFiles/cmTC_704fa.dir/CheckSymbolExists.c.o] Error 1
gmake[1]: Leaving directory '/home/dmlasko/_cursus/cub3d/lib/SDL2/build-cmake/CMakeFiles/CMakeTmp'
gmake: *** [Makefile:127: cmTC_704fa/fast] Error 2


File /home/dmlasko/_cursus/cub3d/lib/SDL2/build-cmake/CMakeFiles/CMakeTmp/CheckSymbolExists.c:
/* */
#include <stddef.h>
#include <stdarg.h>
#include <stdlib.h>
#include <string.h>
#include <stdio.h>
#include <wchar.h>
#include <float.h>

int main(int argc, char** argv)
{
  (void)argv;
#ifndef _wcsicmp
  return ((int*)(&_wcsicmp))[argc];
#else
  (void)argc;
  return 0;
#endif
}
Determining if the _wcsnicmp exist failed with the following output:
Change Dir: /home/dmlasko/_cursus/cub3d/lib/SDL2/build-cmake/CMakeFiles/CMakeTmp

Run Build Command(s):/usr/bin/gmake -f Makefile cmTC_1564a/fast && /usr/bin/gmake  -f CMakeFiles/cmTC_1564a.dir/build.make CMakeFiles/cmTC_1564a.dir/build
gmake[1]: Entering directory '/home/dmlasko/_cursus/cub3d/lib/SDL2/build-cmake/CMakeFiles/CMakeTmp'
Building C object CMakeFiles/cmTC_1564a.dir/CheckSymbolExists.c.o
/usr/bin/cc   -idirafter "/home/dmlasko/_cursus/cub3d/lib/SDL2/src/video/khronos"  -D_GNU_SOURCE=1 -MD -MT CMakeFiles/cmTC_1564a.dir/CheckSymbolExists.c.o -MF CMakeFiles/cmTC_1564a.dir/CheckSymbolExists.c.o.d -o CMakeFiles/cmTC_1564a.dir/CheckSymbolExists.c.o -c /home/dmlasko/_cursus/cub3d/lib/SDL2/build-cmake/CMakeFiles/CMakeTmp/CheckSymbolExists.c
/home/dmlasko/_cursus/cub3d/lib/SDL2/build-cmake/CMakeFiles/CMakeTmp/CheckSymbolExists.c:14:19: error: use of undeclared identifier '_wcsnicmp'; did you mean 'wcsncmp'?
  return ((int*)(&_wcsnicmp))[argc];
                  ^~~~~~~~~
                  wcsncmp
/usr/include/wchar.h:109:12: note: 'wcsncmp' declared here
extern int wcsncmp (const wchar_t *__s1, const wchar_t *__s2, size_t __n)
           ^
1 error generated.
gmake[1]: *** [CMakeFiles/cmTC_1564a.dir/build.make:79: CMakeFiles/cmTC_1564a.dir/CheckSymbolExists.c.o] Error 1
gmake[1]: Leaving directory '/home/dmlasko/_cursus/cub3d/lib/SDL2/build-cmake/CMakeFiles/CMakeTmp'
gmake: *** [Makefile:127: cmTC_1564a/fast] Error 2


File /home/dmlasko/_cursus/cub3d/lib/SDL2/build-cmake/CMakeFiles/CMakeTmp/CheckSymbolExists.c:
/* */
#include <stddef.h>
#include <stdarg.h>
#include <stdlib.h>
#include <string.h>
#include <stdio.h>
#include <wchar.h>
#include <float.h>

int main(int argc, char** argv)
{
  (void)argv;
#ifndef _wcsnicmp
  return ((int*)(&_wcsnicmp))[argc];
#else
  (void)argc;
  return 0;
#endif
}
Determining if the sysctlbyname exist failed with the following output:
Change Dir: /home/dmlasko/_cursus/cub3d/lib/SDL2/build-cmake/CMakeFiles/CMakeTmp

Run Build Command(s):/usr/bin/gmake -f Makefile cmTC_ab01b/fast && /usr/bin/gmake  -f CMakeFiles/cmTC_ab01b.dir/build.make CMakeFiles/cmTC_ab01b.dir/build
gmake[1]: Entering directory '/home/dmlasko/_cursus/cub3d/lib/SDL2/build-cmake/CMakeFiles/CMakeTmp'
Building C object CMakeFiles/cmTC_ab01b.dir/CheckSymbolExists.c.o
/usr/bin/cc   -idirafter "/home/dmlasko/_cursus/cub3d/lib/SDL2/src/video/khronos"  -D_GNU_SOURCE=1 -MD -MT CMakeFiles/cmTC_ab01b.dir/CheckSymbolExists.c.o -MF CMakeFiles/cmTC_ab01b.dir/CheckSymbolExists.c.o.d -o CMakeFiles/cmTC_ab01b.dir/CheckSymbolExists.c.o -c /home/dmlasko/_cursus/cub3d/lib/SDL2/build-cmake/CMakeFiles/CMakeTmp/CheckSymbolExists.c
/home/dmlasko/_cursus/cub3d/lib/SDL2/build-cmake/CMakeFiles/CMakeTmp/CheckSymbolExists.c:3:10: fatal error: 'sys/sysctl.h' file not found
#include <sys/sysctl.h>
         ^~~~~~~~~~~~~~
1 error generated.
gmake[1]: *** [CMakeFiles/cmTC_ab01b.dir/build.make:79: CMakeFiles/cmTC_ab01b.dir/CheckSymbolExists.c.o] Error 1
gmake[1]: Leaving directory '/home/dmlasko/_cursus/cub3d/lib/SDL2/build-cmake/CMakeFiles/CMakeTmp'
gmake: *** [Makefile:127: cmTC_ab01b/fast] Error 2


File /home/dmlasko/_cursus/cub3d/lib/SDL2/build-cmake/CMakeFiles/CMakeTmp/CheckSymbolExists.c:
/* */
#include <sys/types.h>
#include <sys/sysctl.h>

int main(int argc, char** argv)
{
  (void)argv;
#ifndef sysctlbyname
  return ((int*)(&sysctlbyname))[argc];
#else
  (void)argc;
  return 0;
#endif
}
Determining if the elf_aux_info exist failed with the following output:
Change Dir: /home/dmlasko/_cursus/cub3d/lib/SDL2/build-cmake/CMakeFiles/CMakeTmp

Run Build Command(s):/usr/bin/gmake -f Makefile cmTC_31989/fast && /usr/bin/gmake  -f CMakeFiles/cmTC_31989.dir/build.make CMakeFiles/cmTC_31989.dir/build
gmake[1]: Entering directory '/home/dmlasko/_cursus/cub3d/lib/SDL2/build-cmake/CMakeFiles/CMakeTmp'
Building C object CMakeFiles/cmTC_31989.dir/CheckSymbolExists.c.o
/usr/bin/cc   -idirafter "/home/dmlasko/_cursus/cub3d/lib/SDL2/src/video/khronos"  -D_GNU_SOURCE=1 -MD -MT CMakeFiles/cmTC_31989.dir/CheckSymbolExists.c.o -MF CMakeFiles/cmTC_31989.dir/CheckSymbolExists.c.o.d -o CMakeFiles/cmTC_31989.dir/CheckSymbolExists.c.o -c /home/dmlasko/_cursus/cub3d/lib/SDL2/build-cmake/CMakeFiles/CMakeTmp/CheckSymbolExists.c
/home/dmlasko/_cursus/cub3d/lib/SDL2/build-cmake/CMakeFiles/CMakeTmp/CheckSymbolExists.c:8:19: error: use of undeclared identifier 'elf_aux_info'
  return ((int*)(&elf_aux_info))[argc];
                  ^
1 error generated.
gmake[1]: *** [CMakeFiles/cmTC_31989.dir/build.make:79: CMakeFiles/cmTC_31989.dir/CheckSymbolExists.c.o] Error 1
gmake[1]: Leaving directory '/home/dmlasko/_cursus/cub3d/lib/SDL2/build-cmake/CMakeFiles/CMakeTmp'
gmake: *** [Makefile:127: cmTC_31989/fast] Error 2


File /home/dmlasko/_cursus/cub3d/lib/SDL2/build-cmake/CMakeFiles/CMakeTmp/CheckSymbolExists.c:
/* */
#include <sys/auxv.h>

int main(int argc, char** argv)
{
  (void)argv;
#ifndef elf_aux_info
  return ((int*)(&elf_aux_info))[argc];
#else
  (void)argc;
  return 0;
#endif
}
Performing C SOURCE FILE Test ICONV_IN_LIBICONV failed with the following output:
Change Dir: /home/dmlasko/_cursus/cub3d/lib/SDL2/build-cmake/CMakeFiles/CMakeTmp

Run Build Command(s):/usr/bin/gmake -f Makefile cmTC_01a30/fast && /usr/bin/gmake  -f CMakeFiles/cmTC_01a30.dir/build.make CMakeFiles/cmTC_01a30.dir/build
gmake[1]: Entering directory '/home/dmlasko/_cursus/cub3d/lib/SDL2/build-cmake/CMakeFiles/CMakeTmp'
Building C object CMakeFiles/cmTC_01a30.dir/src.c.o
/usr/bin/cc -DICONV_IN_LIBICONV  -idirafter "/home/dmlasko/_cursus/cub3d/lib/SDL2/src/video/khronos"  -D_GNU_SOURCE=1 -MD -MT CMakeFiles/cmTC_01a30.dir/src.c.o -MF CMakeFiles/cmTC_01a30.dir/src.c.o.d -o CMakeFiles/cmTC_01a30.dir/src.c.o -c /home/dmlasko/_cursus/cub3d/lib/SDL2/build-cmake/CMakeFiles/CMakeTmp/src.c
Linking C executable cmTC_01a30
/usr/bin/cmake -E cmake_link_script CMakeFiles/cmTC_01a30.dir/link.txt --verbose=1
/usr/bin/cc  -idirafter "/home/dmlasko/_cursus/cub3d/lib/SDL2/src/video/khronos"  -D_GNU_SOURCE=1 CMakeFiles/cmTC_01a30.dir/src.c.o -o cmTC_01a30  -liconv 
/usr/bin/ld: cannot find -liconv: No such file or directory
clang: error: linker command failed with exit code 1 (use -v to see invocation)
gmake[1]: *** [CMakeFiles/cmTC_01a30.dir/build.make:100: cmTC_01a30] Error 1
gmake[1]: Leaving directory '/home/dmlasko/_cursus/cub3d/lib/SDL2/build-cmake/CMakeFiles/CMakeTmp'
gmake: *** [Makefile:127: cmTC_01a30/fast] Error 2


Source file was:

        #include <stddef.h>
        #include <iconv.h>
        int main(int argc, char **argv) {
            return !iconv_open(NULL,NULL);
        }
Determining if the alloca exist failed with the following output:
Change Dir: /home/dmlasko/_cursus/cub3d/lib/SDL2/build-cmake/CMakeFiles/CMakeTmp

Run Build Command(s):/usr/bin/gmake -f Makefile cmTC_8d634/fast && /usr/bin/gmake  -f CMakeFiles/cmTC_8d634.dir/build.make CMakeFiles/cmTC_8d634.dir/build
gmake[1]: Entering directory '/home/dmlasko/_cursus/cub3d/lib/SDL2/build-cmake/CMakeFiles/CMakeTmp'
Building C object CMakeFiles/cmTC_8d634.dir/CheckSymbolExists.c.o
/usr/bin/cc   -idirafter "/home/dmlasko/_cursus/cub3d/lib/SDL2/src/video/khronos"  -D_GNU_SOURCE=1 -MD -MT CMakeFiles/cmTC_8d634.dir/CheckSymbolExists.c.o -MF CMakeFiles/cmTC_8d634.dir/CheckSymbolExists.c.o.d -o CMakeFiles/cmTC_8d634.dir/CheckSymbolExists.c.o -c /home/dmlasko/_cursus/cub3d/lib/SDL2/build-cmake/CMakeFiles/CMakeTmp/CheckSymbolExists.c
/home/dmlasko/_cursus/cub3d/lib/SDL2/build-cmake/CMakeFiles/CMakeTmp/CheckSymbolExists.c:8:19: warning: implicitly declaring library function 'alloca' with type 'void *(unsigned long)' [-Wimplicit-function-declaration]
  return ((int*)(&alloca))[argc];
                  ^
/home/dmlasko/_cursus/cub3d/lib/SDL2/build-cmake/CMakeFiles/CMakeTmp/CheckSymbolExists.c:8:19: note: include the header <stdlib.h> or explicitly provide a declaration for 'alloca'
1 warning generated.
Linking C executable cmTC_8d634
/usr/bin/cmake -E cmake_link_script CMakeFiles/cmTC_8d634.dir/link.txt --verbose=1
/usr/bin/cc  -idirafter "/home/dmlasko/_cursus/cub3d/lib/SDL2/src/video/khronos"  -D_GNU_SOURCE=1 CMakeFiles/cmTC_8d634.dir/CheckSymbolExists.c.o -o cmTC_8d634 
/usr/bin/ld: CMakeFiles/cmTC_8d634.dir/CheckSymbolExists.c.o: in function `main':
CheckSymbolExists.c:(.text+0x19): undefined reference to `alloca'
clang: error: linker command failed with exit code 1 (use -v to see invocation)
gmake[1]: *** [CMakeFiles/cmTC_8d634.dir/build.make:100: cmTC_8d634] Error 1
gmake[1]: Leaving directory '/home/dmlasko/_cursus/cub3d/lib/SDL2/build-cmake/CMakeFiles/CMakeTmp'
gmake: *** [Makefile:127: cmTC_8d634/fast] Error 2


File /home/dmlasko/_cursus/cub3d/lib/SDL2/build-cmake/CMakeFiles/CMakeTmp/CheckSymbolExists.c:
/* */
#include <malloc.h>

int main(int argc, char** argv)
{
  (void)argv;
#ifndef alloca
  return ((int*)(&alloca))[argc];
#else
  (void)argc;
  return 0;
#endif
}
Determining if the include file audio/audiolib.h exists failed with the following output:
Change Dir: /home/dmlasko/_cursus/cub3d/lib/SDL2/build-cmake/CMakeFiles/CMakeTmp

Run Build Command(s):/usr/bin/gmake -f Makefile cmTC_a8211/fast && /usr/bin/gmake  -f CMakeFiles/cmTC_a8211.dir/build.make CMakeFiles/cmTC_a8211.dir/build
gmake[1]: Entering directory '/home/dmlasko/_cursus/cub3d/lib/SDL2/build-cmake/CMakeFiles/CMakeTmp'
Building C object CMakeFiles/cmTC_a8211.dir/CheckIncludeFile.c.o
/usr/bin/cc   -idirafter "/home/dmlasko/_cursus/cub3d/lib/SDL2/src/video/khronos"  -D_GNU_SOURCE=1 -MD -MT CMakeFiles/cmTC_a8211.dir/CheckIncludeFile.c.o -MF CMakeFiles/cmTC_a8211.dir/CheckIncludeFile.c.o.d -o CMakeFiles/cmTC_a8211.dir/CheckIncludeFile.c.o -c /home/dmlasko/_cursus/cub3d/lib/SDL2/build-cmake/CMakeFiles/CMakeTmp/CheckIncludeFile.c
/home/dmlasko/_cursus/cub3d/lib/SDL2/build-cmake/CMakeFiles/CMakeTmp/CheckIncludeFile.c:1:10: fatal error: 'audio/audiolib.h' file not found
#include <audio/audiolib.h>
         ^~~~~~~~~~~~~~~~~~
1 error generated.
gmake[1]: *** [CMakeFiles/cmTC_a8211.dir/build.make:79: CMakeFiles/cmTC_a8211.dir/CheckIncludeFile.c.o] Error 1
gmake[1]: Leaving directory '/home/dmlasko/_cursus/cub3d/lib/SDL2/build-cmake/CMakeFiles/CMakeTmp'
gmake: *** [Makefile:127: cmTC_a8211/fast] Error 2



Performing C SOURCE FILE Test HAVE_RPI failed with the following output:
Change Dir: /home/dmlasko/_cursus/cub3d/lib/SDL2/build-cmake/CMakeFiles/CMakeTmp

Run Build Command(s):/usr/bin/gmake -f Makefile cmTC_1f9cc/fast && /usr/bin/gmake  -f CMakeFiles/cmTC_1f9cc.dir/build.make CMakeFiles/cmTC_1f9cc.dir/build
gmake[1]: Entering directory '/home/dmlasko/_cursus/cub3d/lib/SDL2/build-cmake/CMakeFiles/CMakeTmp'
Building C object CMakeFiles/cmTC_1f9cc.dir/src.c.o
/usr/bin/cc -DHAVE_RPI  -idirafter "/home/dmlasko/_cursus/cub3d/lib/SDL2/src/video/khronos"  -D_GNU_SOURCE=1  -I/opt/vc/include -I/opt/vc/include/interface/vcos/pthreads -I/opt/vc/include/interface/vmcs_host/linux/  -L/opt/vc/lib -MD -MT CMakeFiles/cmTC_1f9cc.dir/src.c.o -MF CMakeFiles/cmTC_1f9cc.dir/src.c.o.d -o CMakeFiles/cmTC_1f9cc.dir/src.c.o -c /home/dmlasko/_cursus/cub3d/lib/SDL2/build-cmake/CMakeFiles/CMakeTmp/src.c
clang: warning: argument unused during compilation: '-L/opt/vc/lib' [-Wunused-command-line-argument]
/home/dmlasko/_cursus/cub3d/lib/SDL2/build-cmake/CMakeFiles/CMakeTmp/src.c:2:18: fatal error: 'bcm_host.h' file not found
        #include <bcm_host.h>
                 ^~~~~~~~~~~~
1 error generated.
gmake[1]: *** [CMakeFiles/cmTC_1f9cc.dir/build.make:79: CMakeFiles/cmTC_1f9cc.dir/src.c.o] Error 1
gmake[1]: Leaving directory '/home/dmlasko/_cursus/cub3d/lib/SDL2/build-cmake/CMakeFiles/CMakeTmp'
gmake: *** [Makefile:127: cmTC_1f9cc/fast] Error 2


Source file was:

        #include <bcm_host.h>
        #include <EGL/eglplatform.h>
        int main(int argc, char **argv) {
          EGL_DISPMANX_WINDOW_T window;
          bcm_host_init();
        }
Determining if the libdecor_frame_get_max_content_size exist failed with the following output:
Change Dir: /home/dmlasko/_cursus/cub3d/lib/SDL2/build-cmake/CMakeFiles/CMakeTmp

Run Build Command(s):/usr/bin/gmake -f Makefile cmTC_d3b20/fast && /usr/bin/gmake  -f CMakeFiles/cmTC_d3b20.dir/build.make CMakeFiles/cmTC_d3b20.dir/build
gmake[1]: Entering directory '/home/dmlasko/_cursus/cub3d/lib/SDL2/build-cmake/CMakeFiles/CMakeTmp'
Building C object CMakeFiles/cmTC_d3b20.dir/CheckSymbolExists.c.o
/usr/bin/cc  -I/usr/include/libdecor-0 -idirafter "/home/dmlasko/_cursus/cub3d/lib/SDL2/src/video/khronos"  -D_GNU_SOURCE=1 -MD -MT CMakeFiles/cmTC_d3b20.dir/CheckSymbolExists.c.o -MF CMakeFiles/cmTC_d3b20.dir/CheckSymbolExists.c.o.d -o CMakeFiles/cmTC_d3b20.dir/CheckSymbolExists.c.o -c /home/dmlasko/_cursus/cub3d/lib/SDL2/build-cmake/CMakeFiles/CMakeTmp/CheckSymbolExists.c
/home/dmlasko/_cursus/cub3d/lib/SDL2/build-cmake/CMakeFiles/CMakeTmp/CheckSymbolExists.c:8:19: error: use of undeclared identifier 'libdecor_frame_get_max_content_size'; did you mean 'libdecor_frame_set_max_content_size'?
  return ((int*)(&libdecor_frame_get_max_content_size))[argc];
                  ^~~~~~~~~~~~~~~~~~~~~~~~~~~~~~~~~~~
                  libdecor_frame_set_max_content_size
/usr/include/libdecor-0/libdecor.h:355:1: note: 'libdecor_frame_set_max_content_size' declared here
libdecor_frame_set_max_content_size(struct libdecor_frame *frame,
^
1 error generated.
gmake[1]: *** [CMakeFiles/cmTC_d3b20.dir/build.make:79: CMakeFiles/cmTC_d3b20.dir/CheckSymbolExists.c.o] Error 1
gmake[1]: Leaving directory '/home/dmlasko/_cursus/cub3d/lib/SDL2/build-cmake/CMakeFiles/CMakeTmp'
gmake: *** [Makefile:127: cmTC_d3b20/fast] Error 2


File /home/dmlasko/_cursus/cub3d/lib/SDL2/build-cmake/CMakeFiles/CMakeTmp/CheckSymbolExists.c:
/* */
#include <libdecor.h>

int main(int argc, char** argv)
{
  (void)argv;
#ifndef libdecor_frame_get_max_content_size
  return ((int*)(&libdecor_frame_get_max_content_size))[argc];
#else
  (void)argc;
  return 0;
#endif
}
Determining if the libdecor_frame_get_min_content_size exist failed with the following output:
Change Dir: /home/dmlasko/_cursus/cub3d/lib/SDL2/build-cmake/CMakeFiles/CMakeTmp

Run Build Command(s):/usr/bin/gmake -f Makefile cmTC_13dbc/fast && /usr/bin/gmake  -f CMakeFiles/cmTC_13dbc.dir/build.make CMakeFiles/cmTC_13dbc.dir/build
gmake[1]: Entering directory '/home/dmlasko/_cursus/cub3d/lib/SDL2/build-cmake/CMakeFiles/CMakeTmp'
Building C object CMakeFiles/cmTC_13dbc.dir/CheckSymbolExists.c.o
/usr/bin/cc  -I/usr/include/libdecor-0 -idirafter "/home/dmlasko/_cursus/cub3d/lib/SDL2/src/video/khronos"  -D_GNU_SOURCE=1 -MD -MT CMakeFiles/cmTC_13dbc.dir/CheckSymbolExists.c.o -MF CMakeFiles/cmTC_13dbc.dir/CheckSymbolExists.c.o.d -o CMakeFiles/cmTC_13dbc.dir/CheckSymbolExists.c.o -c /home/dmlasko/_cursus/cub3d/lib/SDL2/build-cmake/CMakeFiles/CMakeTmp/CheckSymbolExists.c
/home/dmlasko/_cursus/cub3d/lib/SDL2/build-cmake/CMakeFiles/CMakeTmp/CheckSymbolExists.c:8:19: error: use of undeclared identifier 'libdecor_frame_get_min_content_size'; did you mean 'libdecor_frame_set_min_content_size'?
  return ((int*)(&libdecor_frame_get_min_content_size))[argc];
                  ^~~~~~~~~~~~~~~~~~~~~~~~~~~~~~~~~~~
                  libdecor_frame_set_min_content_size
/usr/include/libdecor-0/libdecor.h:365:1: note: 'libdecor_frame_set_min_content_size' declared here
libdecor_frame_set_min_content_size(struct libdecor_frame *frame,
^
1 error generated.
gmake[1]: *** [CMakeFiles/cmTC_13dbc.dir/build.make:79: CMakeFiles/cmTC_13dbc.dir/CheckSymbolExists.c.o] Error 1
gmake[1]: Leaving directory '/home/dmlasko/_cursus/cub3d/lib/SDL2/build-cmake/CMakeFiles/CMakeTmp'
gmake: *** [Makefile:127: cmTC_13dbc/fast] Error 2


File /home/dmlasko/_cursus/cub3d/lib/SDL2/build-cmake/CMakeFiles/CMakeTmp/CheckSymbolExists.c:
/* */
#include <libdecor.h>

int main(int argc, char** argv)
{
  (void)argv;
#ifndef libdecor_frame_get_min_content_size
  return ((int*)(&libdecor_frame_get_min_content_size))[argc];
#else
  (void)argc;
  return 0;
#endif
}
Performing C SOURCE FILE Test HAVE_VIVANTE_VDK failed with the following output:
Change Dir: /home/dmlasko/_cursus/cub3d/lib/SDL2/build-cmake/CMakeFiles/CMakeTmp

Run Build Command(s):/usr/bin/gmake -f Makefile cmTC_1fef0/fast && /usr/bin/gmake  -f CMakeFiles/cmTC_1fef0.dir/build.make CMakeFiles/cmTC_1fef0.dir/build
gmake[1]: Entering directory '/home/dmlasko/_cursus/cub3d/lib/SDL2/build-cmake/CMakeFiles/CMakeTmp'
Building C object CMakeFiles/cmTC_1fef0.dir/src.c.o
/usr/bin/cc -DHAVE_VIVANTE_VDK  -idirafter "/home/dmlasko/_cursus/cub3d/lib/SDL2/src/video/khronos"  -D_GNU_SOURCE=1 -MD -MT CMakeFiles/cmTC_1fef0.dir/src.c.o -MF CMakeFiles/cmTC_1fef0.dir/src.c.o.d -o CMakeFiles/cmTC_1fef0.dir/src.c.o -c /home/dmlasko/_cursus/cub3d/lib/SDL2/build-cmake/CMakeFiles/CMakeTmp/src.c
/home/dmlasko/_cursus/cub3d/lib/SDL2/build-cmake/CMakeFiles/CMakeTmp/src.c:2:18: fatal error: 'gc_vdk.h' file not found
        #include <gc_vdk.h>
                 ^~~~~~~~~~
1 error generated.
gmake[1]: *** [CMakeFiles/cmTC_1fef0.dir/build.make:79: CMakeFiles/cmTC_1fef0.dir/src.c.o] Error 1
gmake[1]: Leaving directory '/home/dmlasko/_cursus/cub3d/lib/SDL2/build-cmake/CMakeFiles/CMakeTmp'
gmake: *** [Makefile:127: cmTC_1fef0/fast] Error 2


Source file was:

        #include <gc_vdk.h>
        int main(int argc, char** argv) { return 0; }
Performing C SOURCE FILE Test HAVE_VIVANTE_EGL_FB failed with the following output:
Change Dir: /home/dmlasko/_cursus/cub3d/lib/SDL2/build-cmake/CMakeFiles/CMakeTmp

Run Build Command(s):/usr/bin/gmake -f Makefile cmTC_d55b7/fast && /usr/bin/gmake  -f CMakeFiles/cmTC_d55b7.dir/build.make CMakeFiles/cmTC_d55b7.dir/build
gmake[1]: Entering directory '/home/dmlasko/_cursus/cub3d/lib/SDL2/build-cmake/CMakeFiles/CMakeTmp'
Building C object CMakeFiles/cmTC_d55b7.dir/src.c.o
/usr/bin/cc -DHAVE_VIVANTE_EGL_FB  -idirafter "/home/dmlasko/_cursus/cub3d/lib/SDL2/src/video/khronos"  -D_GNU_SOURCE=1 -MD -MT CMakeFiles/cmTC_d55b7.dir/src.c.o -MF CMakeFiles/cmTC_d55b7.dir/src.c.o.d -o CMakeFiles/cmTC_d55b7.dir/src.c.o -c /home/dmlasko/_cursus/cub3d/lib/SDL2/build-cmake/CMakeFiles/CMakeTmp/src.c
/home/dmlasko/_cursus/cub3d/lib/SDL2/build-cmake/CMakeFiles/CMakeTmp/src.c:4:18: fatal error: 'EGL/eglvivante.h' file not found
        #include <EGL/eglvivante.h>
                 ^~~~~~~~~~~~~~~~~~
1 error generated.
gmake[1]: *** [CMakeFiles/cmTC_d55b7.dir/build.make:79: CMakeFiles/cmTC_d55b7.dir/src.c.o] Error 1
gmake[1]: Leaving directory '/home/dmlasko/_cursus/cub3d/lib/SDL2/build-cmake/CMakeFiles/CMakeTmp'
gmake: *** [Makefile:127: cmTC_d55b7/fast] Error 2


Source file was:

        #define LINUX
        #define EGL_API_FB
        #include <EGL/eglvivante.h>
        int main(int argc, char** argv) { return 0; }
Performing C SOURCE FILE Test LIBC_HAS_WORKING_LIBUNWIND failed with the following output:
Change Dir: /home/dmlasko/_cursus/cub3d/lib/SDL2/build-cmake/CMakeFiles/CMakeTmp

Run Build Command(s):/usr/bin/gmake -f Makefile cmTC_0753d/fast && /usr/bin/gmake  -f CMakeFiles/cmTC_0753d.dir/build.make CMakeFiles/cmTC_0753d.dir/build
gmake[1]: Entering directory '/home/dmlasko/_cursus/cub3d/lib/SDL2/build-cmake/CMakeFiles/CMakeTmp'
Building C object CMakeFiles/cmTC_0753d.dir/src.c.o
/usr/bin/cc -DLIBC_HAS_WORKING_LIBUNWIND  -idirafter "/home/dmlasko/_cursus/cub3d/lib/SDL2/src/video/khronos"  -D_GNU_SOURCE=1 -MD -MT CMakeFiles/cmTC_0753d.dir/src.c.o -MF CMakeFiles/cmTC_0753d.dir/src.c.o.d -o CMakeFiles/cmTC_0753d.dir/src.c.o -c /home/dmlasko/_cursus/cub3d/lib/SDL2/build-cmake/CMakeFiles/CMakeTmp/src.c
/home/dmlasko/_cursus/cub3d/lib/SDL2/build-cmake/CMakeFiles/CMakeTmp/src.c:1:10: fatal error: 'libunwind.h' file not found
#include <libunwind.h>
         ^~~~~~~~~~~~~
1 error generated.
gmake[1]: *** [CMakeFiles/cmTC_0753d.dir/build.make:79: CMakeFiles/cmTC_0753d.dir/src.c.o] Error 1
gmake[1]: Leaving directory '/home/dmlasko/_cursus/cub3d/lib/SDL2/build-cmake/CMakeFiles/CMakeTmp'
gmake: *** [Makefile:127: cmTC_0753d/fast] Error 2


Source file was:
#include <libunwind.h>
int main() {unw_context_t context; unw_getcontext(&context); return 0;}
Performing C SOURCE FILE Test LIBUNWIND_HAS_WORKINGLIBUNWIND failed with the following output:
Change Dir: /home/dmlasko/_cursus/cub3d/lib/SDL2/build-cmake/CMakeFiles/CMakeTmp

Run Build Command(s):/usr/bin/gmake -f Makefile cmTC_40788/fast && /usr/bin/gmake  -f CMakeFiles/cmTC_40788.dir/build.make CMakeFiles/cmTC_40788.dir/build
gmake[1]: Entering directory '/home/dmlasko/_cursus/cub3d/lib/SDL2/build-cmake/CMakeFiles/CMakeTmp'
Building C object CMakeFiles/cmTC_40788.dir/src.c.o
/usr/bin/cc -DLIBUNWIND_HAS_WORKINGLIBUNWIND  -idirafter "/home/dmlasko/_cursus/cub3d/lib/SDL2/src/video/khronos"  -D_GNU_SOURCE=1 -MD -MT CMakeFiles/cmTC_40788.dir/src.c.o -MF CMakeFiles/cmTC_40788.dir/src.c.o.d -o CMakeFiles/cmTC_40788.dir/src.c.o -c /home/dmlasko/_cursus/cub3d/lib/SDL2/build-cmake/CMakeFiles/CMakeTmp/src.c
/home/dmlasko/_cursus/cub3d/lib/SDL2/build-cmake/CMakeFiles/CMakeTmp/src.c:1:10: fatal error: 'libunwind.h' file not found
#include <libunwind.h>
         ^~~~~~~~~~~~~
1 error generated.
gmake[1]: *** [CMakeFiles/cmTC_40788.dir/build.make:79: CMakeFiles/cmTC_40788.dir/src.c.o] Error 1
gmake[1]: Leaving directory '/home/dmlasko/_cursus/cub3d/lib/SDL2/build-cmake/CMakeFiles/CMakeTmp'
gmake: *** [Makefile:127: cmTC_40788/fast] Error 2


Source file was:
#include <libunwind.h>
int main() {unw_context_t context; unw_getcontext(&context); return 0;}
Determining if files pthread_np.h exist failed with the following output:
Change Dir: /home/dmlasko/_cursus/cub3d/lib/SDL2/build-cmake/CMakeFiles/CMakeTmp

Run Build Command(s):/usr/bin/gmake -f Makefile cmTC_dbbb5/fast && /usr/bin/gmake  -f CMakeFiles/cmTC_dbbb5.dir/build.make CMakeFiles/cmTC_dbbb5.dir/build
gmake[1]: Entering directory '/home/dmlasko/_cursus/cub3d/lib/SDL2/build-cmake/CMakeFiles/CMakeTmp'
Building C object CMakeFiles/cmTC_dbbb5.dir/HAVE_PTHREAD_NP_H.c.o
/usr/bin/cc   -idirafter "/home/dmlasko/_cursus/cub3d/lib/SDL2/src/video/khronos"  -D_GNU_SOURCE=1 -D_REENTRANT -pthread -MD -MT CMakeFiles/cmTC_dbbb5.dir/HAVE_PTHREAD_NP_H.c.o -MF CMakeFiles/cmTC_dbbb5.dir/HAVE_PTHREAD_NP_H.c.o.d -o CMakeFiles/cmTC_dbbb5.dir/HAVE_PTHREAD_NP_H.c.o -c /home/dmlasko/_cursus/cub3d/lib/SDL2/build-cmake/CMakeFiles/CheckIncludeFiles/HAVE_PTHREAD_NP_H.c
/home/dmlasko/_cursus/cub3d/lib/SDL2/build-cmake/CMakeFiles/CheckIncludeFiles/HAVE_PTHREAD_NP_H.c:2:10: fatal error: 'pthread_np.h' file not found
#include <pthread_np.h>
         ^~~~~~~~~~~~~~
1 error generated.
gmake[1]: *** [CMakeFiles/cmTC_dbbb5.dir/build.make:79: CMakeFiles/cmTC_dbbb5.dir/HAVE_PTHREAD_NP_H.c.o] Error 1
gmake[1]: Leaving directory '/home/dmlasko/_cursus/cub3d/lib/SDL2/build-cmake/CMakeFiles/CMakeTmp'
gmake: *** [Makefile:127: cmTC_dbbb5/fast] Error 2


Source:
/* */
#include <pthread_np.h>


int main(void){return 0;}

Determining if the include file samplerate.h exists failed with the following output:
Change Dir: /home/dmlasko/_cursus/cub3d/lib/SDL2/build-cmake/CMakeFiles/CMakeTmp

Run Build Command(s):/usr/bin/gmake -f Makefile cmTC_7824b/fast && /usr/bin/gmake  -f CMakeFiles/cmTC_7824b.dir/build.make CMakeFiles/cmTC_7824b.dir/build
gmake[1]: Entering directory '/home/dmlasko/_cursus/cub3d/lib/SDL2/build-cmake/CMakeFiles/CMakeTmp'
Building C object CMakeFiles/cmTC_7824b.dir/CheckIncludeFile.c.o
/usr/bin/cc   -idirafter "/home/dmlasko/_cursus/cub3d/lib/SDL2/src/video/khronos" -DHAVE_LINUX_VERSION_H  -D_GNU_SOURCE=1 -MD -MT CMakeFiles/cmTC_7824b.dir/CheckIncludeFile.c.o -MF CMakeFiles/cmTC_7824b.dir/CheckIncludeFile.c.o.d -o CMakeFiles/cmTC_7824b.dir/CheckIncludeFile.c.o -c /home/dmlasko/_cursus/cub3d/lib/SDL2/build-cmake/CMakeFiles/CMakeTmp/CheckIncludeFile.c
/home/dmlasko/_cursus/cub3d/lib/SDL2/build-cmake/CMakeFiles/CMakeTmp/CheckIncludeFile.c:1:10: fatal error: 'samplerate.h' file not found
#include <samplerate.h>
         ^~~~~~~~~~~~~~
1 error generated.
gmake[1]: *** [CMakeFiles/cmTC_7824b.dir/build.make:79: CMakeFiles/cmTC_7824b.dir/CheckIncludeFile.c.o] Error 1
gmake[1]: Leaving directory '/home/dmlasko/_cursus/cub3d/lib/SDL2/build-cmake/CMakeFiles/CMakeTmp'
gmake: *** [Makefile:127: cmTC_7824b/fast] Error 2



